0 info it worked if it ends with ok
1 verbose cli [ '/usr/bin/node', '/usr/bin/npm', 'install', '-g', 'marked' ]
2 info using npm@3.5.2
3 info using node@v8.10.0
4 silly loadCurrentTree Starting
5 silly install loadCurrentTree
6 silly install readGlobalPackageData
7 silly fetchPackageMetaData marked
8 silly fetchNamedPackageData marked
9 silly mapToRegistry name marked
10 silly mapToRegistry using default registry
11 silly mapToRegistry registry https://registry.npmjs.org/
12 silly mapToRegistry uri https://registry.npmjs.org/marked
13 verbose request uri https://registry.npmjs.org/marked
14 verbose request no auth needed
15 info attempt registry request try #1 at 6:56:47 PM
16 verbose request id 504f97d8531277c9
17 http request GET https://registry.npmjs.org/marked
18 http 200 https://registry.npmjs.org/marked
19 verbose headers { date: 'Tue, 07 Apr 2020 21:56:47 GMT',
19 verbose headers   'content-type': 'application/json',
19 verbose headers   'transfer-encoding': 'chunked',
19 verbose headers   connection: 'keep-alive',
19 verbose headers   'set-cookie':
19 verbose headers    [ '__cfduid=d57f79ad2d664a25448d7b072ec314e3c1586296607; expires=Thu, 07-May-20 21:56:47 GMT; path=/; domain=.npmjs.org; HttpOnly; SameSite=Lax' ],
19 verbose headers   'cf-ray': '580700261ac3fde1-SCL',
19 verbose headers   age: '1450',
19 verbose headers   'cache-control': 'public, max-age=300',
19 verbose headers   etag: 'W/"53e8bd52377a1ebbef7c9aafccca715d"',
19 verbose headers   'last-modified': 'Sun, 22 Mar 2020 15:44:24 GMT',
19 verbose headers   vary: 'accept-encoding, accept',
19 verbose headers   'cf-cache-status': 'HIT',
19 verbose headers   'expect-ct': 'max-age=604800, report-uri="https://report-uri.cloudflare.com/cdn-cgi/beacon/expect-ct"',
19 verbose headers   server: 'cloudflare',
19 verbose headers   'content-encoding': 'gzip' }
20 silly get cb [ 200,
20 silly get   { date: 'Tue, 07 Apr 2020 21:56:47 GMT',
20 silly get     'content-type': 'application/json',
20 silly get     'transfer-encoding': 'chunked',
20 silly get     connection: 'keep-alive',
20 silly get     'set-cookie':
20 silly get      [ '__cfduid=d57f79ad2d664a25448d7b072ec314e3c1586296607; expires=Thu, 07-May-20 21:56:47 GMT; path=/; domain=.npmjs.org; HttpOnly; SameSite=Lax' ],
20 silly get     'cf-ray': '580700261ac3fde1-SCL',
20 silly get     age: '1450',
20 silly get     'cache-control': 'public, max-age=300',
20 silly get     etag: 'W/"53e8bd52377a1ebbef7c9aafccca715d"',
20 silly get     'last-modified': 'Sun, 22 Mar 2020 15:44:24 GMT',
20 silly get     vary: 'accept-encoding, accept',
20 silly get     'cf-cache-status': 'HIT',
20 silly get     'expect-ct': 'max-age=604800, report-uri="https://report-uri.cloudflare.com/cdn-cgi/beacon/expect-ct"',
20 silly get     server: 'cloudflare',
20 silly get     'content-encoding': 'gzip' } ]
21 verbose get saving marked to /home/c4e/.npm/registry.npmjs.org/marked/.cache.json
22 silly install normalizeTree
23 silly loadCurrentTree Finishing
24 silly loadIdealTree Starting
25 silly install loadIdealTree
26 silly cloneCurrentTree Starting
27 silly install cloneCurrentTreeToIdealTree
28 silly cloneCurrentTree Finishing
29 silly loadShrinkwrap Starting
30 silly install loadShrinkwrap
31 silly loadShrinkwrap Finishing
32 silly loadAllDepsIntoIdealTree Starting
33 silly install loadAllDepsIntoIdealTree
34 silly resolveWithNewModule marked@0.8.2 checking installable status
35 silly cache add args [ 'marked', null ]
36 verbose cache add spec marked
37 silly cache add parsed spec Result {
37 silly cache add   raw: 'marked',
37 silly cache add   scope: null,
37 silly cache add   name: 'marked',
37 silly cache add   rawSpec: '',
37 silly cache add   spec: 'latest',
37 silly cache add   type: 'tag' }
38 silly addNamed marked@latest
39 verbose addNamed "latest" is being treated as a dist-tag for marked
40 info addNameTag [ 'marked', 'latest' ]
41 silly mapToRegistry name marked
42 silly mapToRegistry using default registry
43 silly mapToRegistry registry https://registry.npmjs.org/
44 silly mapToRegistry uri https://registry.npmjs.org/marked
45 verbose addNameTag registry:https://registry.npmjs.org/marked not in flight; fetching
46 verbose get https://registry.npmjs.org/marked not expired, no request
47 silly addNameTag next cb for marked with tag latest
48 silly addNamed marked@0.8.2
49 verbose addNamed "0.8.2" is a plain semver version for marked
50 silly mapToRegistry name marked
51 silly mapToRegistry using default registry
52 silly mapToRegistry registry https://registry.npmjs.org/
53 silly mapToRegistry uri https://registry.npmjs.org/marked
54 verbose addRemoteTarball https://registry.npmjs.org/marked/-/marked-0.8.2.tgz not in flight; adding
55 verbose addRemoteTarball [ 'https://registry.npmjs.org/marked/-/marked-0.8.2.tgz',
55 verbose addRemoteTarball   '4faad28d26ede351a7a1aaa5fec67915c869e355' ]
56 info retry fetch attempt 1 at 6:56:47 PM
57 info attempt registry request try #1 at 6:56:47 PM
58 http fetch GET https://registry.npmjs.org/marked/-/marked-0.8.2.tgz
59 http fetch 200 https://registry.npmjs.org/marked/-/marked-0.8.2.tgz
60 silly fetchAndShaCheck shasum 4faad28d26ede351a7a1aaa5fec67915c869e355
61 verbose addTmpTarball /tmp/npm-11227-7ac18452/registry.npmjs.org/marked/-/marked-0.8.2.tgz not in flight; adding
62 verbose addTmpTarball already have metadata; skipping unpack for marked@0.8.2
63 silly cache afterAdd marked@0.8.2
64 verbose afterAdd /home/c4e/.npm/marked/0.8.2/package/package.json not in flight; writing
65 verbose afterAdd /home/c4e/.npm/marked/0.8.2/package/package.json written
66 silly loadAllDepsIntoIdealTree Finishing
67 silly idealTree:prePrune lib
67 silly idealTree:prePrune └── marked@0.8.2
68 silly loadIdealTree Finishing
69 silly currentTree lib
70 silly idealTree lib
70 silly idealTree └── marked@0.8.2
71 silly generateActionsToTake Starting
72 silly install generateActionsToTake
73 warn checkPermissions Missing write access to /usr/local/lib/node_modules
74 silly rollbackFailedOptional Starting
75 silly rollbackFailedOptional Finishing
76 silly runTopLevelLifecycles Starting
77 silly runTopLevelLifecycles Finishing
78 silly install printInstalled
79 verbose stack Error: EACCES: permission denied, access '/usr/local/lib/node_modules'
80 verbose cwd /home/c4e/github/c4ebt.github.io
81 error Linux 5.3.0-45-generic
82 error argv "/usr/bin/node" "/usr/bin/npm" "install" "-g" "marked"
83 error node v8.10.0
84 error npm  v3.5.2
85 error path /usr/local/lib/node_modules
86 error code EACCES
87 error errno -13
88 error syscall access
89 error Error: EACCES: permission denied, access '/usr/local/lib/node_modules'
89 error  { Error: EACCES: permission denied, access '/usr/local/lib/node_modules'
89 error   errno: -13,
89 error   code: 'EACCES',
89 error   syscall: 'access',
89 error   path: '/usr/local/lib/node_modules' }
90 error Please try running this command again as root/Administrator.
91 verbose exit [ -13, true ]
